<?xml version="1.0" encoding="UTF-8"?>
<!-- Generated by org.testng.reporters.JUnitReportReporter -->
<testsuite hostname="sapna-testlead" name="com.patientapp.tests.LoginTests" tests="3" failures="0" timestamp="8 Sep 2016 07:38:57 GMT" time="147.856" errors="0">
  <testcase name="TC_6_testVerifyLoginWithOutRegistration" time="56.740" classname="com.patientapp.tests.LoginTests"/>
  <testcase name="testVerifyLoginFunctionality" time="59.265" classname="com.patientapp.tests.LoginTests"/>
  <testcase name="testVerifyLoginScreenElementsVisibility" time="31.851" classname="com.patientapp.tests.LoginTests"/>
</testsuite> <!-- com.patientapp.tests.LoginTests -->
