<?xml version="1.0" encoding="UTF-8"?>
<!-- Generated by org.testng.reporters.JUnitReportReporter -->
<testsuite hostname="sapna-testlead" name="com.patientapp.tests.RegistrationTests" tests="1" failures="0" timestamp="8 Sep 2016 07:38:57 GMT" time="65.275" errors="0">
  <testcase name="testVerifyPatientRegistration" time="65.275" classname="com.patientapp.tests.RegistrationTests"/>
</testsuite> <!-- com.patientapp.tests.RegistrationTests -->
