<?xml version="1.0" encoding="UTF-8"?>
<!-- Generated by org.testng.reporters.JUnitReportReporter -->
<testsuite hostname="sapna-testlead" name="com.patientapp.tests.HomeScreenTests" tests="10" failures="0" timestamp="8 Sep 2016 07:38:57 GMT" time="670.006" errors="0">
  <testcase name="TC_29_testVerifyAllappointmentsVisibility" time="67.595" classname="com.patientapp.tests.HomeScreenTests"/>
  <testcase name="TC_31_testVerifyBookMarkedArticlesVisibility" time="65.886" classname="com.patientapp.tests.HomeScreenTests"/>
  <testcase name="TC_35_testVerifyWallet" time="70.288" classname="com.patientapp.tests.HomeScreenTests"/>
  <testcase name="TC_38_testVerifyPorteaCherishScreenVisibility" time="70.360" classname="com.patientapp.tests.HomeScreenTests"/>
  <testcase name="testVerifyAllMenuScreensVisibility" time="67.706" classname="com.patientapp.tests.HomeScreenTests"/>
  <testcase name="TC_34_testVerifyTransactionHistoryVisibility" time="71.387" classname="com.patientapp.tests.HomeScreenTests"/>
  <testcase name="testVerifyWithoutLogin" time="47.448" classname="com.patientapp.tests.HomeScreenTests"/>
  <testcase name="TC_36_testVerifyPharmacyOrderAndPrescriptionsVisibility" time="76.380" classname="com.patientapp.tests.HomeScreenTests"/>
  <testcase name="TC_30_testVerifyMyHealthRecordsVisibility" time="63.827" classname="com.patientapp.tests.HomeScreenTests"/>
  <testcase name="TC_6_testVerifyMoreAndNotificationOption" time="69.129" classname="com.patientapp.tests.HomeScreenTests"/>
</testsuite> <!-- com.patientapp.tests.HomeScreenTests -->
